<?xml version="1.0" encoding="UTF-8"?>
<!-- Generated by org.testng.reporters.JUnitReportReporter -->
<testsuite hostname="IBM-PF350GSX" name="AppiumPJ.AppiumProject.Script6" tests="1" failures="0" timestamp="3 Jun 2022 16:01:14 GMT" time="23.745" errors="0">
  <testcase name="KhanAcademy_Explore_Economy" time="23.745" classname="AppiumPJ.AppiumProject.Script6"/>
</testsuite> <!-- AppiumPJ.AppiumProject.Script6 -->
